0 info it worked if it ends with ok
1 verbose cli [ 'C:\\Program Files\\nodejs\\node.exe',
1 verbose cli   'C:\\Program Files\\nodejs\\node_modules\\npm\\bin\\npm-cli.js',
1 verbose cli   'install',
1 verbose cli   'BasicCard.js' ]
2 info using npm@3.10.10
3 info using node@v6.10.0
4 silly loadCurrentTree Starting
5 silly install loadCurrentTree
6 silly install readLocalPackageData
7 silly fetchPackageMetaData BasicCard.js
8 silly fetchOtherPackageData BasicCard.js
9 silly cache add args [ 'BasicCard.js', null ]
10 verbose cache add spec BasicCard.js
11 silly cache add parsed spec Result {
11 silly cache add   raw: 'BasicCard.js',
11 silly cache add   scope: null,
11 silly cache add   escapedName: 'BasicCard.js',
11 silly cache add   name: null,
11 silly cache add   rawSpec: 'BasicCard.js',
11 silly cache add   spec: 'C:\\Users\\KenDancy\\Desktop\\Code_UCI_Bootcamp\\homework\\Flashcard-Generator\\BasicCard.js',
11 silly cache add   type: 'local' }
12 silly addLocalTarball shasum (computed) db27de97926c3fcbb96554999b918c18bf88d9a0
13 verbose addTmpTarball C:\Users\KenDancy\Desktop\Code_UCI_Bootcamp\homework\Flashcard-Generator\BasicCard.js not in flight; adding
14 verbose correctMkdir C:\Users\KenDancy\AppData\Roaming\npm-cache correctMkdir not in flight; initializing
15 verbose addTmpTarball validating metadata from C:\Users\KenDancy\Desktop\Code_UCI_Bootcamp\homework\Flashcard-Generator\BasicCard.js
16 verbose tar unpack C:\Users\KenDancy\Desktop\Code_UCI_Bootcamp\homework\Flashcard-Generator\BasicCard.js
17 verbose tar unpacking to C:\Users\KenDancy\AppData\Local\Temp\npm-8096-e38432b8\unpack-75199528
18 silly gentlyRm C:\Users\KenDancy\AppData\Local\Temp\npm-8096-e38432b8\unpack-75199528 is being purged
19 verbose gentlyRm don't care about contents; nuking C:\Users\KenDancy\AppData\Local\Temp\npm-8096-e38432b8\unpack-75199528
20 silly gunzTarPerm modes [ '777', '666' ]
21 error not a package C:\Users\KenDancy\Desktop\Code_UCI_Bootcamp\homework\Flashcard-Generator\BasicCard.js
22 error addLocal Could not install C:\Users\KenDancy\Desktop\Code_UCI_Bootcamp\homework\Flashcard-Generator\BasicCard.js
23 silly fetchPackageMetaData Error: ENOENT: no such file or directory, open 'C:\Users\KenDancy\AppData\Local\Temp\npm-8096-e38432b8\unpack-75199528\package.json'
23 silly fetchPackageMetaData     at Error (native)
23 silly fetchPackageMetaData  error for BasicCard.js { Error: ENOENT: no such file or directory, open 'C:\Users\KenDancy\AppData\Local\Temp\npm-8096-e38432b8\unpack-75199528\package.json'
23 silly fetchPackageMetaData     at Error (native)
23 silly fetchPackageMetaData   errno: -4058,
23 silly fetchPackageMetaData   code: 'ENOENT',
23 silly fetchPackageMetaData   syscall: 'open',
23 silly fetchPackageMetaData   path: 'C:\\Users\\KenDancy\\AppData\\Local\\Temp\\npm-8096-e38432b8\\unpack-75199528\\package.json' }
24 silly rollbackFailedOptional Starting
25 silly rollbackFailedOptional Finishing
26 silly runTopLevelLifecycles Finishing
27 silly install printInstalled
28 verbose stack Error: ENOENT: no such file or directory, open 'C:\Users\KenDancy\AppData\Local\Temp\npm-8096-e38432b8\unpack-75199528\package.json'
28 verbose stack     at Error (native)
29 verbose cwd C:\Users\KenDancy\Desktop\Code_UCI_Bootcamp\homework\Flashcard-Generator
30 error Windows_NT 10.0.14393
31 error argv "C:\\Program Files\\nodejs\\node.exe" "C:\\Program Files\\nodejs\\node_modules\\npm\\bin\\npm-cli.js" "install" "BasicCard.js"
32 error node v6.10.0
33 error npm  v3.10.10
34 error path C:\Users\KenDancy\AppData\Local\Temp\npm-8096-e38432b8\unpack-75199528\package.json
35 error code ENOENT
36 error errno -4058
37 error syscall open
38 error enoent ENOENT: no such file or directory, open 'C:\Users\KenDancy\AppData\Local\Temp\npm-8096-e38432b8\unpack-75199528\package.json'
39 error enoent ENOENT: no such file or directory, open 'C:\Users\KenDancy\AppData\Local\Temp\npm-8096-e38432b8\unpack-75199528\package.json'
39 error enoent This is most likely not a problem with npm itself
39 error enoent and is related to npm not being able to find a file.
40 verbose exit [ -4058, true ]
